<?xml version="1.0" encoding="utf-8"?><testsuites name="pytest tests"><testsuite name="pytest" errors="0" failures="0" skipped="0" tests="30" time="2.787" timestamp="2026-04-28T22:45:54.314600+00:00" hostname="agent-env-9e0b8237-6b09-4b98-a7eb-44d5e1034dc6"><testcase classname="backend.tests.backend_test" name="test_root" time="0.245" /><testcase classname="backend.tests.backend_test" name="test_cities_full" time="0.059" /><testcase classname="backend.tests.backend_test" name="test_cities_search_diacritics" time="0.058" /><testcase classname="backend.tests.backend_test" name="test_upload" time="0.188" /><testcase classname="backend.tests.backend_test" name="test_upload_rejects_non_image" time="0.051" /><testcase classname="backend.tests.backend_test" name="test_serve_file" time="0.174" /><testcase classname="backend.tests.backend_test" name="test_serve_file_404" time="0.049" /><testcase classname="backend.tests.backend_test" name="test_starmap_deterministic" time="0.106" /><testcase classname="backend.tests.backend_test" name="test_starmap_invalid_date" time="0.050" /><testcase classname="backend.tests.backend_test" name="test_create_order_with_upsells" time="0.058" /><testcase classname="backend.tests.backend_test" name="test_get_order" time="0.048" /><testcase classname="backend.tests.backend_test" name="test_create_order_invalid_photo" time="0.047" /><testcase classname="backend.tests.backend_test" name="test_get_order_404" time="0.048" /><testcase classname="backend.tests.backend_test" name="test_create_order_defaults_upsells_false" time="0.102" /><testcase classname="backend.tests.backend_test" name="test_public_memory_excludes_pii" time="0.047" /><testcase classname="backend.tests.backend_test" name="test_public_memory_404" time="0.047" /><testcase classname="backend.tests.backend_test" name="test_login_success" time="0.281" /><testcase classname="backend.tests.backend_test" name="test_login_wrong_password" time="0.287" /><testcase classname="backend.tests.backend_test" name="test_login_unknown_user" time="0.048" /><testcase classname="backend.tests.backend_test" name="test_auth_me_with_token" time="0.141" /><testcase classname="backend.tests.backend_test" name="test_auth_me_without_token" time="0.046" /><testcase classname="backend.tests.backend_test" name="test_auth_me_invalid_token" time="0.046" /><testcase classname="backend.tests.backend_test" name="test_admin_orders_requires_auth" time="0.046" /><testcase classname="backend.tests.backend_test" name="test_admin_orders_list" time="0.046" /><testcase classname="backend.tests.backend_test" name="test_admin_get_single_order" time="0.048" /><testcase classname="backend.tests.backend_test" name="test_admin_get_single_order_unauth" time="0.061" /><testcase classname="backend.tests.backend_test" name="test_admin_update_status_valid" time="0.098" /><testcase classname="backend.tests.backend_test" name="test_admin_update_status_invalid" time="0.044" /><testcase classname="backend.tests.backend_test" name="test_admin_update_status_unauth" time="0.054" /><testcase classname="backend.tests.backend_test" name="test_admin_update_status_404" time="0.053" /></testsuite></testsuites>