<?xml version="1.0" encoding="utf-8"?><testsuites name="pytest tests"><testsuite name="pytest" errors="0" failures="0" skipped="0" tests="46" time="4.180" timestamp="2026-05-13T10:47:45.443773+00:00" hostname="agent-env-9e0b8237-6b09-4b98-a7eb-44d5e1034dc6"><testcase classname="backend.tests.backend_test" name="test_root" time="0.173" /><testcase classname="backend.tests.backend_test" name="test_cities_full" time="0.051" /><testcase classname="backend.tests.backend_test" name="test_cities_search_diacritics" time="0.047" /><testcase classname="backend.tests.backend_test" name="test_upload" time="0.203" /><testcase classname="backend.tests.backend_test" name="test_upload_rejects_non_image" time="0.050" /><testcase classname="backend.tests.backend_test" name="test_serve_file" time="0.150" /><testcase classname="backend.tests.backend_test" name="test_serve_file_404" time="0.056" /><testcase classname="backend.tests.backend_test" name="test_starmap_deterministic" time="0.107" /><testcase classname="backend.tests.backend_test" name="test_starmap_invalid_date" time="0.058" /><testcase classname="backend.tests.backend_test" name="test_create_order_with_upsells" time="0.077" /><testcase classname="backend.tests.backend_test" name="test_get_order" time="0.062" /><testcase classname="backend.tests.backend_test" name="test_create_order_invalid_photo" time="0.054" /><testcase classname="backend.tests.backend_test" name="test_get_order_404" time="0.057" /><testcase classname="backend.tests.backend_test" name="test_create_order_defaults_upsells_false" time="0.055" /><testcase classname="backend.tests.backend_test" name="test_public_memory_excludes_pii" time="0.053" /><testcase classname="backend.tests.backend_test" name="test_public_memory_404" time="0.050" /><testcase classname="backend.tests.backend_test" name="test_login_success" time="0.296" /><testcase classname="backend.tests.backend_test" name="test_login_wrong_password" time="0.291" /><testcase classname="backend.tests.backend_test" name="test_login_unknown_user" time="0.049" /><testcase classname="backend.tests.backend_test" name="test_auth_me_with_token" time="0.048" /><testcase classname="backend.tests.backend_test" name="test_auth_me_without_token" time="0.045" /><testcase classname="backend.tests.backend_test" name="test_auth_me_invalid_token" time="0.046" /><testcase classname="backend.tests.backend_test" name="test_admin_orders_requires_auth" time="0.052" /><testcase classname="backend.tests.backend_test" name="test_admin_orders_list" time="0.049" /><testcase classname="backend.tests.backend_test" name="test_admin_get_single_order" time="0.051" /><testcase classname="backend.tests.backend_test" name="test_admin_get_single_order_unauth" time="0.049" /><testcase classname="backend.tests.backend_test" name="test_admin_update_status_valid" time="0.107" /><testcase classname="backend.tests.backend_test" name="test_admin_update_status_invalid" time="0.050" /><testcase classname="backend.tests.backend_test" name="test_admin_update_status_unauth" time="0.049" /><testcase classname="backend.tests.backend_test" name="test_admin_update_status_404" time="0.053" /><testcase classname="backend.tests.backend_test" name="test_create_order_with_photo_style" time="0.146" /><testcase classname="backend.tests.backend_test" name="test_create_order_default_photo_style" time="0.064" /><testcase classname="backend.tests.backend_test" name="test_all_photo_styles_accepted[duotone]" time="0.050" /><testcase classname="backend.tests.backend_test" name="test_all_photo_styles_accepted[sepia]" time="0.049" /><testcase classname="backend.tests.backend_test" name="test_all_photo_styles_accepted[bw]" time="0.051" /><testcase classname="backend.tests.backend_test" name="test_all_photo_styles_accepted[sketch]" time="0.050" /><testcase classname="backend.tests.backend_test" name="test_all_photo_styles_accepted[original]" time="0.051" /><testcase classname="backend.tests.backend_test" name="test_register_returns_token" time="0.305" /><testcase classname="backend.tests.backend_test" name="test_register_duplicate_email" time="0.049" /><testcase classname="backend.tests.backend_test" name="test_register_short_password" time="0.145" /><testcase classname="backend.tests.backend_test" name="test_customer_login" time="0.286" /><testcase classname="backend.tests.backend_test" name="test_auth_me_customer" time="0.046" /><testcase classname="backend.tests.backend_test" name="test_me_orders_empty" time="0.051" /><testcase classname="backend.tests.backend_test" name="test_me_orders_after_create" time="0.101" /><testcase classname="backend.tests.backend_test" name="test_me_orders_requires_auth" time="0.046" /><testcase classname="backend.tests.backend_test" name="test_customer_cannot_access_admin" time="0.048" /></testsuite></testsuites>